<?xml version="1.0" encoding="UTF-8"?>
<testng-results skipped="0" failed="0" total="2" passed="2">
  <reporter-output>
  </reporter-output>
  <suite name="Default suite" duration-ms="104" started-at="2019-10-02T20:39:27Z" finished-at="2019-10-02T20:39:27Z">
    <groups>
    </groups>
    <test name="Default test" duration-ms="104" started-at="2019-10-02T20:39:27Z" finished-at="2019-10-02T20:39:27Z">
      <class name="com.demo.simpletest.UnitTestcases">
        <test-method status="PASS" signature="add()[pri:0, instance:com.demo.simpletest.UnitTestcases@77f03bb1]" name="add" duration-ms="63" started-at="2019-10-02T16:39:27Z" finished-at="2019-10-02T16:39:27Z">
          <reporter-output>
          </reporter-output>
        </test-method> <!-- add -->
        <test-method status="PASS" signature="sum()[pri:0, instance:com.demo.simpletest.UnitTestcases@77f03bb1]" name="sum" duration-ms="2" started-at="2019-10-02T16:39:27Z" finished-at="2019-10-02T16:39:27Z">
          <reporter-output>
          </reporter-output>
        </test-method> <!-- sum -->
      </class> <!-- com.demo.simpletest.UnitTestcases -->
    </test> <!-- Default test -->
  </suite> <!-- Default suite -->
</testng-results>
